<?xml version="1.0" encoding="UTF-8"?>
<testsuite name="com.invoice.InvoiceServiceTest" tests="3" skipped="0" failures="0" errors="0" timestamp="2021-06-16T06:19:24" hostname="Sam" time="0.007">
  <properties/>
  <testcase name="givenDistanceAndTime_ShouldReturnTotalFare" classname="com.invoice.InvoiceServiceTest" time="0.002"/>
  <testcase name="givenMultipleRides_ShouldReturnInvoiceSummary" classname="com.invoice.InvoiceServiceTest" time="0.003"/>
  <testcase name="givenLessDistanceOrTime_ShouldReturnMinFare" classname="com.invoice.InvoiceServiceTest" time="0.001"/>
  <system-out><![CDATA[]]></system-out>
  <system-err><![CDATA[]]></system-err>
</testsuite>
